{"/Users/nguyenquoc/Code/chat-clean-architecture/src/constants/theme.ts": {"path":"/Users/nguyenquoc/Code/chat-clean-architecture/src/constants/theme.ts","statementMap":{"0":{"start":{"line":1,"column":21},"end":{"line":67,"column":null}}},"fnMap":{},"branchMap":{},"s":{"0":2},"f":{},"b":{},"meta":{"lastBranch":0,"lastFunction":0,"lastStatement":1,"seen":{"s:1:21:67:Infinity":0}}}
,"/Users/nguyenquoc/Code/chat-clean-architecture/src/ui/components/atoms/ActionButton/styles.ts": {"path":"/Users/nguyenquoc/Code/chat-clean-architecture/src/ui/components/atoms/ActionButton/styles.ts","statementMap":{"0":{"start":{"line":5,"column":22},"end":{"line":19,"column":null}}},"fnMap":{},"branchMap":{},"s":{"0":1},"f":{},"b":{},"meta":{"lastBranch":0,"lastFunction":0,"lastStatement":1,"seen":{"s:5:22:19:Infinity":0}}}
,"/Users/nguyenquoc/Code/chat-clean-architecture/src/ui/components/atoms/OnlineStatusIndicator/styles.ts": {"path":"/Users/nguyenquoc/Code/chat-clean-architecture/src/ui/components/atoms/OnlineStatusIndicator/styles.ts","statementMap":{"0":{"start":{"line":5,"column":19},"end":{"line":9,"column":null}},"1":{"start":{"line":11,"column":34},"end":{"line":17,"column":null}},"2":{"start":{"line":19,"column":25},"end":{"line":32,"column":null}},"3":{"start":{"line":23,"column":17},"end":{"line":23,"column":null}},"4":{"start":{"line":25,"column":2},"end":{"line":31,"column":null}}},"fnMap":{"0":{"name":"(anonymous_0)","decl":{"start":{"line":19,"column":25},"end":{"line":19,"column":null}},"loc":{"start":{"line":22,"column":20},"end":{"line":32,"column":null}},"line":22}},"branchMap":{},"s":{"0":1,"1":1,"2":1,"3":14,"4":14},"f":{"0":14},"b":{},"meta":{"lastBranch":0,"lastFunction":1,"lastStatement":5,"seen":{"s:5:19:9:Infinity":0,"s:11:34:17:Infinity":1,"s:19:25:32:Infinity":2,"f:19:25:19:Infinity":0,"s:23:17:23:Infinity":3,"s:25:2:31:Infinity":4}}}
,"/Users/nguyenquoc/Code/chat-clean-architecture/src/ui/components/atoms/StoryAvatar/styles.ts": {"path":"/Users/nguyenquoc/Code/chat-clean-architecture/src/ui/components/atoms/StoryAvatar/styles.ts","statementMap":{"0":{"start":{"line":3,"column":53},"end":{"line":8,"column":null}}},"fnMap":{},"branchMap":{},"s":{"0":1},"f":{},"b":{},"meta":{"lastBranch":0,"lastFunction":0,"lastStatement":1,"seen":{"s:3:53:8:Infinity":0}}}
}
