{"/Users/nguyenquoc/Code/chat-clean-architecture/src/constants/theme.ts": {"path":"/Users/nguyenquoc/Code/chat-clean-architecture/src/constants/theme.ts","statementMap":{"0":{"start":{"line":1,"column":21},"end":{"line":67,"column":null}}},"fnMap":{},"branchMap":{},"s":{"0":2},"f":{},"b":{},"meta":{"lastBranch":0,"lastFunction":0,"lastStatement":1,"seen":{"s:1:21:67:Infinity":0}}}
,"/Users/nguyenquoc/Code/chat-clean-architecture/src/ui/components/atoms/ActionButton/styles.ts": {"path":"/Users/nguyenquoc/Code/chat-clean-architecture/src/ui/components/atoms/ActionButton/styles.ts","statementMap":{"0":{"start":{"line":5,"column":22},"end":{"line":19,"column":null}}},"fnMap":{},"branchMap":{},"s":{"0":1},"f":{},"b":{},"meta":{"lastBranch":0,"lastFunction":0,"lastStatement":1,"seen":{"s:5:22:19:Infinity":0}}}
,"/Users/nguyenquoc/Code/chat-clean-architecture/src/ui/components/atoms/OnlineStatusIndicator/styles.ts": {"path":"/Users/nguyenquoc/Code/chat-clean-architecture/src/ui/components/atoms/OnlineStatusIndicator/styles.ts","statementMap":{"0":{"start":{"line":5,"column":19},"end":{"line":9,"column":null}},"1":{"start":{"line":11,"column":34},"end":{"line":17,"column":null}},"2":{"start":{"line":19,"column":25},"end":{"line":32,"column":null}},"3":{"start":{"line":23,"column":17},"end":{"line":23,"column":null}},"4":{"start":{"line":25,"column":2},"end":{"line":31,"column":null}}},"fnMap":{"0":{"name":"(anonymous_0)","decl":{"start":{"line":19,"column":25},"end":{"line":19,"column":null}},"loc":{"start":{"line":22,"column":20},"end":{"line":32,"column":null}},"line":22}},"branchMap":{},"s":{"0":1,"1":1,"2":1,"3":14,"4":14},"f":{"0":14},"b":{},"meta":{"lastBranch":0,"lastFunction":1,"lastStatement":5,"seen":{"s:5:19:9:Infinity":0,"s:11:34:17:Infinity":1,"s:19:25:32:Infinity":2,"f:19:25:19:Infinity":0,"s:23:17:23:Infinity":3,"s:25:2:31:Infinity":4}}}
,"/Users/nguyenquoc/Code/chat-clean-architecture/src/ui/components/atoms/StoryAvatar/styles.ts": {"path":"/Users/nguyenquoc/Code/chat-clean-architecture/src/ui/components/atoms/StoryAvatar/styles.ts","statementMap":{"0":{"start":{"line":3,"column":53},"end":{"line":8,"column":null}}},"fnMap":{},"branchMap":{},"s":{"0":1},"f":{},"b":{},"meta":{"lastBranch":0,"lastFunction":0,"lastStatement":1,"seen":{"s:3:53:8:Infinity":0}}}
,"/Users/nguyenquoc/Code/chat-clean-architecture/src/utils/avatar.ts": {"path":"/Users/nguyenquoc/Code/chat-clean-architecture/src/utils/avatar.ts","statementMap":{"0":{"start":{"line":2,"column":31},"end":{"line":12,"column":null}},"1":{"start":{"line":21,"column":33},"end":{"line":29,"column":null}},"2":{"start":{"line":26,"column":25},"end":{"line":26,"column":null}},"3":{"start":{"line":27,"column":22},"end":{"line":27,"column":null}},"4":{"start":{"line":28,"column":2},"end":{"line":28,"column":null}},"5":{"start":{"line":36,"column":34},"end":{"line":38,"column":null}},"6":{"start":{"line":37,"column":2},"end":{"line":37,"column":null}},"7":{"start":{"line":45,"column":35},"end":{"line":49,"column":null}},"8":{"start":{"line":46,"column":25},"end":{"line":46,"column":null}},"9":{"start":{"line":47,"column":22},"end":{"line":47,"column":null}},"10":{"start":{"line":48,"column":2},"end":{"line":48,"column":null}},"11":{"start":{"line":56,"column":32},"end":{"line":69,"column":null}},"12":{"start":{"line":57,"column":15},"end":{"line":59,"column":null}},"13":{"start":{"line":61,"column":2},"end":{"line":68,"column":null}},"14":{"start":{"line":63,"column":24},"end":{"line":63,"column":null}},"15":{"start":{"line":64,"column":4},"end":{"line":64,"column":null}},"16":{"start":{"line":67,"column":4},"end":{"line":67,"column":null}}},"fnMap":{"0":{"name":"(anonymous_0)","decl":{"start":{"line":21,"column":33},"end":{"line":21,"column":null}},"loc":{"start":{"line":25,"column":13},"end":{"line":29,"column":null}},"line":25},"1":{"name":"(anonymous_1)","decl":{"start":{"line":36,"column":34},"end":{"line":36,"column":35}},"loc":{"start":{"line":36,"column":60},"end":{"line":38,"column":null}},"line":36},"2":{"name":"(anonymous_2)","decl":{"start":{"line":45,"column":35},"end":{"line":45,"column":36}},"loc":{"start":{"line":45,"column":66},"end":{"line":49,"column":null}},"line":45},"3":{"name":"(anonymous_3)","decl":{"start":{"line":56,"column":32},"end":{"line":56,"column":33}},"loc":{"start":{"line":56,"column":61},"end":{"line":69,"column":null}},"line":56}},"branchMap":{"0":{"loc":{"start":{"line":23,"column":2},"end":{"line":23,"column":null}},"type":"default-arg","locations":[{"start":{"line":23,"column":47},"end":{"line":23,"column":null}}],"line":23},"1":{"loc":{"start":{"line":24,"column":2},"end":{"line":24,"column":null}},"type":"default-arg","locations":[{"start":{"line":24,"column":20},"end":{"line":24,"column":null}}],"line":24},"2":{"loc":{"start":{"line":56,"column":33},"end":{"line":56,"column":61}},"type":"default-arg","locations":[{"start":{"line":56,"column":43},"end":{"line":56,"column":61}}],"line":56},"3":{"loc":{"start":{"line":57,"column":15},"end":{"line":59,"column":null}},"type":"cond-expr","locations":[{"start":{"line":58,"column":6},"end":{"line":58,"column":null}},{"start":{"line":59,"column":6},"end":{"line":59,"column":null}}],"line":57},"4":{"loc":{"start":{"line":61,"column":2},"end":{"line":68,"column":null}},"type":"if","locations":[{"start":{"line":61,"column":2},"end":{"line":68,"column":null}},{"start":{"line":65,"column":9},"end":{"line":68,"column":null}}],"line":61}},"s":{"0":1,"1":1,"2":16,"3":16,"4":16,"5":1,"6":4,"7":1,"8":5,"9":5,"10":5,"11":1,"12":5,"13":5,"14":2,"15":2,"16":3},"f":{"0":16,"1":4,"2":5,"3":5},"b":{"0":[16],"1":[16],"2":[5],"3":[2,3],"4":[2,3]},"meta":{"lastBranch":5,"lastFunction":4,"lastStatement":17,"seen":{"s:2:31:12:Infinity":0,"s:21:33:29:Infinity":1,"f:21:33:21:Infinity":0,"b:23:47:23:Infinity":0,"b:24:20:24:Infinity":1,"s:26:25:26:Infinity":2,"s:27:22:27:Infinity":3,"s:28:2:28:Infinity":4,"s:36:34:38:Infinity":5,"f:36:34:36:35":1,"s:37:2:37:Infinity":6,"s:45:35:49:Infinity":7,"f:45:35:45:36":2,"s:46:25:46:Infinity":8,"s:47:22:47:Infinity":9,"s:48:2:48:Infinity":10,"s:56:32:69:Infinity":11,"f:56:32:56:33":3,"b:56:43:56:61":2,"s:57:15:59:Infinity":12,"b:58:6:58:Infinity:59:6:59:Infinity":3,"b:61:2:68:Infinity:65:9:68:Infinity":4,"s:61:2:68:Infinity":13,"s:63:24:63:Infinity":14,"s:64:4:64:Infinity":15,"s:67:4:67:Infinity":16}}}
,"/Users/nguyenquoc/Code/chat-clean-architecture/src/utils/initializeUserStatus.ts": {"path":"/Users/nguyenquoc/Code/chat-clean-architecture/src/utils/initializeUserStatus.ts","statementMap":{"0":{"start":{"line":11,"column":20},"end":{"line":11,"column":null}},"1":{"start":{"line":20,"column":23},"end":{"line":20,"column":null}},"2":{"start":{"line":22,"column":2},"end":{"line":32,"column":null}},"3":{"start":{"line":24,"column":4},"end":{"line":24,"column":null}},"4":{"start":{"line":27,"column":21},"end":{"line":27,"column":null}},"5":{"start":{"line":29,"column":4},"end":{"line":31,"column":null}}},"fnMap":{"0":{"name":"initializeUserStatusData","decl":{"start":{"line":16,"column":22},"end":{"line":16,"column":null}},"loc":{"start":{"line":18,"column":17},"end":{"line":33,"column":null}},"line":18}},"branchMap":{"0":{"loc":{"start":{"line":22,"column":2},"end":{"line":32,"column":null}},"type":"if","locations":[{"start":{"line":22,"column":2},"end":{"line":32,"column":null}},{"start":{},"end":{}}],"line":22},"1":{"loc":{"start":{"line":22,"column":6},"end":{"line":22,"column":46}},"type":"binary-expr","locations":[{"start":{"line":22,"column":6},"end":{"line":22,"column":23}},{"start":{"line":22,"column":23},"end":{"line":22,"column":46}}],"line":22}},"s":{"0":1,"1":6,"2":6,"3":4,"4":4,"5":3},"f":{"0":6},"b":{"0":[4,2],"1":[6,3]},"meta":{"lastBranch":2,"lastFunction":1,"lastStatement":6,"seen":{"s:11:20:11:Infinity":0,"f:16:22:16:Infinity":0,"s:20:23:20:Infinity":1,"b:22:2:32:Infinity:undefined:undefined:undefined:undefined":0,"s:22:2:32:Infinity":2,"b:22:6:22:23:22:23:22:46":1,"s:24:4:24:Infinity":3,"s:27:21:27:Infinity":4,"s:29:4:31:Infinity":5}}}
,"/Users/nguyenquoc/Code/chat-clean-architecture/src/utils/localStorageManager.ts": {"path":"/Users/nguyenquoc/Code/chat-clean-architecture/src/utils/localStorageManager.ts","statementMap":{"0":{"start":{"line":18,"column":21},"end":{"line":23,"column":null}},"1":{"start":{"line":29,"column":43},"end":{"line":29,"column":null}},"2":{"start":{"line":30,"column":47},"end":{"line":30,"column":null}},"3":{"start":{"line":33,"column":2},"end":{"line":54,"column":null}},"4":{"start":{"line":33,"column":15},"end":{"line":33,"column":18}},"5":{"start":{"line":34,"column":16},"end":{"line":34,"column":null}},"6":{"start":{"line":35,"column":4},"end":{"line":35,"column":null}},"7":{"start":{"line":35,"column":14},"end":{"line":35,"column":null}},"8":{"start":{"line":38,"column":4},"end":{"line":44,"column":null}},"9":{"start":{"line":39,"column":21},"end":{"line":39,"column":null}},"10":{"start":{"line":40,"column":20},"end":{"line":40,"column":null}},"11":{"start":{"line":41,"column":6},"end":{"line":43,"column":null}},"12":{"start":{"line":42,"column":8},"end":{"line":42,"column":null}},"13":{"start":{"line":47,"column":4},"end":{"line":53,"column":null}},"14":{"start":{"line":48,"column":21},"end":{"line":48,"column":null}},"15":{"start":{"line":49,"column":20},"end":{"line":49,"column":null}},"16":{"start":{"line":50,"column":6},"end":{"line":52,"column":null}},"17":{"start":{"line":51,"column":8},"end":{"line":51,"column":null}},"18":{"start":{"line":56,"column":2},"end":{"line":65,"column":null}},"19":{"start":{"line":72,"column":15},"end":{"line":72,"column":null}},"20":{"start":{"line":73,"column":21},"end":{"line":73,"column":null}},"21":{"start":{"line":74,"column":15},"end":{"line":74,"column":null}},"22":{"start":{"line":75,"column":14},"end":{"line":75,"column":null}},"23":{"start":{"line":77,"column":15},"end":{"line":77,"column":null}},"24":{"start":{"line":78,"column":2},"end":{"line":78,"column":null}},"25":{"start":{"line":79,"column":2},"end":{"line":80,"column":null}},"26":{"start":{"line":81,"column":2},"end":{"line":81,"column":null}},"27":{"start":{"line":82,"column":2},"end":{"line":82,"column":null}},"28":{"start":{"line":83,"column":2},"end":{"line":83,"column":null}},"29":{"start":{"line":84,"column":2},"end":{"line":84,"column":null}},"30":{"start":{"line":92,"column":2},"end":{"line":92,"column":null}},"31":{"start":{"line":95,"column":2},"end":{"line":97,"column":null}},"32":{"start":{"line":96,"column":4},"end":{"line":96,"column":null}},"33":{"start":{"line":100,"column":2},"end":{"line":102,"column":null}},"34":{"start":{"line":101,"column":4},"end":{"line":101,"column":null}},"35":{"start":{"line":105,"column":2},"end":{"line":110,"column":null}},"36":{"start":{"line":106,"column":4},"end":{"line":109,"column":null}},"37":{"start":{"line":113,"column":2},"end":{"line":120,"column":null}},"38":{"start":{"line":115,"column":6},"end":{"line":118,"column":null}},"39":{"start":{"line":127,"column":2},"end":{"line":156,"column":null}},"40":{"start":{"line":128,"column":19},"end":{"line":128,"column":null}},"41":{"start":{"line":130,"column":4},"end":{"line":149,"column":null}},"42":{"start":{"line":131,"column":6},"end":{"line":148,"column":null}},"43":{"start":{"line":132,"column":24},"end":{"line":132,"column":null}},"44":{"start":{"line":133,"column":41},"end":{"line":133,"column":null}},"45":{"start":{"line":136,"column":8},"end":{"line":138,"column":null}},"46":{"start":{"line":137,"column":10},"end":{"line":137,"column":null}},"47":{"start":{"line":140,"column":8},"end":{"line":140,"column":null}},"48":{"start":{"line":141,"column":8},"end":{"line":141,"column":null}},"49":{"start":{"line":143,"column":8},"end":{"line":147,"column":null}},"50":{"start":{"line":151,"column":4},"end":{"line":153,"column":null}},"51":{"start":{"line":152,"column":6},"end":{"line":152,"column":null}},"52":{"start":{"line":155,"column":4},"end":{"line":155,"column":null}},"53":{"start":{"line":163,"column":33},"end":{"line":163,"column":null}},"54":{"start":{"line":166,"column":2},"end":{"line":178,"column":null}},"55":{"start":{"line":166,"column":15},"end":{"line":166,"column":18}},"56":{"start":{"line":167,"column":16},"end":{"line":167,"column":null}},"57":{"start":{"line":168,"column":4},"end":{"line":168,"column":null}},"58":{"start":{"line":168,"column":14},"end":{"line":168,"column":null}},"59":{"start":{"line":170,"column":4},"end":{"line":177,"column":null}},"60":{"start":{"line":176,"column":6},"end":{"line":176,"column":null}},"61":{"start":{"line":181,"column":2},"end":{"line":181,"column":null}},"62":{"start":{"line":181,"column":30},"end":{"line":181,"column":58}}},"fnMap":{"0":{"name":"exportLocalStorageData","decl":{"start":{"line":28,"column":16},"end":{"line":28,"column":61}},"loc":{"start":{"line":28,"column":61},"end":{"line":66,"column":null}},"line":28},"1":{"name":"downloadLocalStorageData","decl":{"start":{"line":71,"column":16},"end":{"line":71,"column":41}},"loc":{"start":{"line":71,"column":66},"end":{"line":85,"column":null}},"line":71},"2":{"name":"importLocalStorageData","decl":{"start":{"line":90,"column":16},"end":{"line":90,"column":39}},"loc":{"start":{"line":90,"column":71},"end":{"line":121,"column":null}},"line":90},"3":{"name":"(anonymous_3)","decl":{"start":{"line":105,"column":51},"end":{"line":105,"column":52}},"loc":{"start":{"line":105,"column":78},"end":{"line":110,"column":3}},"line":105},"4":{"name":"(anonymous_4)","decl":{"start":{"line":114,"column":4},"end":{"line":114,"column":5}},"loc":{"start":{"line":114,"column":35},"end":{"line":119,"column":null}},"line":114},"5":{"name":"loadLocalStorageFromFile","decl":{"start":{"line":126,"column":16},"end":{"line":126,"column":41}},"loc":{"start":{"line":126,"column":68},"end":{"line":157,"column":null}},"line":126},"6":{"name":"(anonymous_6)","decl":{"start":{"line":127,"column":21},"end":{"line":127,"column":22}},"loc":{"start":{"line":127,"column":42},"end":{"line":156,"column":3}},"line":127},"7":{"name":"(anonymous_7)","decl":{"start":{"line":130,"column":20},"end":{"line":130,"column":29}},"loc":{"start":{"line":130,"column":29},"end":{"line":149,"column":null}},"line":130},"8":{"name":"(anonymous_8)","decl":{"start":{"line":151,"column":21},"end":{"line":151,"column":27}},"loc":{"start":{"line":151,"column":27},"end":{"line":153,"column":null}},"line":151},"9":{"name":"clearAllChatData","decl":{"start":{"line":162,"column":16},"end":{"line":162,"column":41}},"loc":{"start":{"line":162,"column":41},"end":{"line":182,"column":null}},"line":162},"10":{"name":"(anonymous_10)","decl":{"start":{"line":181,"column":23},"end":{"line":181,"column":30}},"loc":{"start":{"line":181,"column":30},"end":{"line":181,"column":58}},"line":181}},"branchMap":{"0":{"loc":{"start":{"line":35,"column":4},"end":{"line":35,"column":null}},"type":"if","locations":[{"start":{"line":35,"column":4},"end":{"line":35,"column":null}},{"start":{},"end":{}}],"line":35},"1":{"loc":{"start":{"line":38,"column":4},"end":{"line":44,"column":null}},"type":"if","locations":[{"start":{"line":38,"column":4},"end":{"line":44,"column":null}},{"start":{},"end":{}}],"line":38},"2":{"loc":{"start":{"line":41,"column":6},"end":{"line":43,"column":null}},"type":"if","locations":[{"start":{"line":41,"column":6},"end":{"line":43,"column":null}},{"start":{},"end":{}}],"line":41},"3":{"loc":{"start":{"line":47,"column":4},"end":{"line":53,"column":null}},"type":"if","locations":[{"start":{"line":47,"column":4},"end":{"line":53,"column":null}},{"start":{},"end":{}}],"line":47},"4":{"loc":{"start":{"line":50,"column":6},"end":{"line":52,"column":null}},"type":"if","locations":[{"start":{"line":50,"column":6},"end":{"line":52,"column":null}},{"start":{},"end":{}}],"line":50},"5":{"loc":{"start":{"line":80,"column":4},"end":{"line":80,"column":null}},"type":"binary-expr","locations":[{"start":{"line":80,"column":4},"end":{"line":80,"column":16}},{"start":{"line":80,"column":16},"end":{"line":80,"column":null}}],"line":80},"6":{"loc":{"start":{"line":95,"column":2},"end":{"line":97,"column":null}},"type":"if","locations":[{"start":{"line":95,"column":2},"end":{"line":97,"column":null}},{"start":{},"end":{}}],"line":95},"7":{"loc":{"start":{"line":100,"column":2},"end":{"line":102,"column":null}},"type":"if","locations":[{"start":{"line":100,"column":2},"end":{"line":102,"column":null}},{"start":{},"end":{}}],"line":100},"8":{"loc":{"start":{"line":105,"column":17},"end":{"line":105,"column":41}},"type":"binary-expr","locations":[{"start":{"line":105,"column":17},"end":{"line":105,"column":39}},{"start":{"line":105,"column":39},"end":{"line":105,"column":41}}],"line":105},"9":{"loc":{"start":{"line":113,"column":17},"end":{"line":113,"column":45}},"type":"binary-expr","locations":[{"start":{"line":113,"column":17},"end":{"line":113,"column":43}},{"start":{"line":113,"column":43},"end":{"line":113,"column":45}}],"line":113},"10":{"loc":{"start":{"line":136,"column":8},"end":{"line":138,"column":null}},"type":"if","locations":[{"start":{"line":136,"column":8},"end":{"line":138,"column":null}},{"start":{},"end":{}}],"line":136},"11":{"loc":{"start":{"line":136,"column":12},"end":{"line":136,"column":57}},"type":"binary-expr","locations":[{"start":{"line":136,"column":12},"end":{"line":136,"column":26}},{"start":{"line":136,"column":26},"end":{"line":136,"column":57}}],"line":136},"12":{"loc":{"start":{"line":144,"column":10},"end":{"line":146,"column":null}},"type":"cond-expr","locations":[{"start":{"line":145,"column":14},"end":{"line":145,"column":null}},{"start":{"line":146,"column":14},"end":{"line":146,"column":null}}],"line":144},"13":{"loc":{"start":{"line":168,"column":4},"end":{"line":168,"column":null}},"type":"if","locations":[{"start":{"line":168,"column":4},"end":{"line":168,"column":null}},{"start":{},"end":{}}],"line":168},"14":{"loc":{"start":{"line":170,"column":4},"end":{"line":177,"column":null}},"type":"if","locations":[{"start":{"line":170,"column":4},"end":{"line":177,"column":null}},{"start":{},"end":{}}],"line":170},"15":{"loc":{"start":{"line":171,"column":6},"end":{"line":174,"column":null}},"type":"binary-expr","locations":[{"start":{"line":171,"column":6},"end":{"line":171,"column":null}},{"start":{"line":172,"column":6},"end":{"line":172,"column":null}},{"start":{"line":173,"column":6},"end":{"line":173,"column":null}},{"start":{"line":174,"column":6},"end":{"line":174,"column":null}}],"line":171}},"s":{"0":1,"1":10,"2":10,"3":10,"4":10,"5":12,"6":12,"7":0,"8":12,"9":3,"10":3,"11":3,"12":3,"13":12,"14":3,"15":3,"16":3,"17":3,"18":10,"19":2,"20":2,"21":2,"22":2,"23":2,"24":2,"25":2,"26":2,"27":2,"28":2,"29":2,"30":7,"31":7,"32":3,"33":7,"34":1,"35":7,"36":2,"37":7,"38":2,"39":4,"40":4,"41":4,"42":3,"43":3,"44":3,"45":3,"46":1,"47":1,"48":1,"49":2,"50":4,"51":1,"52":4,"53":12,"54":12,"55":12,"56":14,"57":14,"58":0,"59":14,"60":13,"61":12,"62":13},"f":{"0":10,"1":2,"2":7,"3":2,"4":2,"5":4,"6":4,"7":3,"8":1,"9":12,"10":13},"b":{"0":[0,12],"1":[3,9],"2":[3,0],"3":[3,9],"4":[3,0],"5":[2,1],"6":[3,4],"7":[1,6],"8":[7,0],"9":[7,0],"10":[1,2],"11":[3,1],"12":[2,0],"13":[0,14],"14":[13,1],"15":[14,11,10,5]},"meta":{"lastBranch":16,"lastFunction":11,"lastStatement":63,"seen":{"s:18:21:23:Infinity":0,"f:28:16:28:61":0,"s:29:43:29:Infinity":1,"s:30:47:30:Infinity":2,"s:33:2:54:Infinity":3,"s:33:15:33:18":4,"s:34:16:34:Infinity":5,"b:35:4:35:Infinity:undefined:undefined:undefined:undefined":0,"s:35:4:35:Infinity":6,"s:35:14:35:Infinity":7,"b:38:4:44:Infinity:undefined:undefined:undefined:undefined":1,"s:38:4:44:Infinity":8,"s:39:21:39:Infinity":9,"s:40:20:40:Infinity":10,"b:41:6:43:Infinity:undefined:undefined:undefined:undefined":2,"s:41:6:43:Infinity":11,"s:42:8:42:Infinity":12,"b:47:4:53:Infinity:undefined:undefined:undefined:undefined":3,"s:47:4:53:Infinity":13,"s:48:21:48:Infinity":14,"s:49:20:49:Infinity":15,"b:50:6:52:Infinity:undefined:undefined:undefined:undefined":4,"s:50:6:52:Infinity":16,"s:51:8:51:Infinity":17,"s:56:2:65:Infinity":18,"f:71:16:71:41":1,"s:72:15:72:Infinity":19,"s:73:21:73:Infinity":20,"s:74:15:74:Infinity":21,"s:75:14:75:Infinity":22,"s:77:15:77:Infinity":23,"s:78:2:78:Infinity":24,"s:79:2:80:Infinity":25,"b:80:4:80:16:80:16:80:Infinity":5,"s:81:2:81:Infinity":26,"s:82:2:82:Infinity":27,"s:83:2:83:Infinity":28,"s:84:2:84:Infinity":29,"f:90:16:90:39":2,"s:92:2:92:Infinity":30,"b:95:2:97:Infinity:undefined:undefined:undefined:undefined":6,"s:95:2:97:Infinity":31,"s:96:4:96:Infinity":32,"b:100:2:102:Infinity:undefined:undefined:undefined:undefined":7,"s:100:2:102:Infinity":33,"s:101:4:101:Infinity":34,"s:105:2:110:Infinity":35,"b:105:17:105:39:105:39:105:41":8,"f:105:51:105:52":3,"s:106:4:109:Infinity":36,"s:113:2:120:Infinity":37,"b:113:17:113:43:113:43:113:45":9,"f:114:4:114:5":4,"s:115:6:118:Infinity":38,"f:126:16:126:41":5,"s:127:2:156:Infinity":39,"f:127:21:127:22":6,"s:128:19:128:Infinity":40,"s:130:4:149:Infinity":41,"f:130:20:130:29":7,"s:131:6:148:Infinity":42,"s:132:24:132:Infinity":43,"s:133:41:133:Infinity":44,"b:136:8:138:Infinity:undefined:undefined:undefined:undefined":10,"s:136:8:138:Infinity":45,"b:136:12:136:26:136:26:136:57":11,"s:137:10:137:Infinity":46,"s:140:8:140:Infinity":47,"s:141:8:141:Infinity":48,"s:143:8:147:Infinity":49,"b:145:14:145:Infinity:146:14:146:Infinity":12,"s:151:4:153:Infinity":50,"f:151:21:151:27":8,"s:152:6:152:Infinity":51,"s:155:4:155:Infinity":52,"f:162:16:162:41":9,"s:163:33:163:Infinity":53,"s:166:2:178:Infinity":54,"s:166:15:166:18":55,"s:167:16:167:Infinity":56,"b:168:4:168:Infinity:undefined:undefined:undefined:undefined":13,"s:168:4:168:Infinity":57,"s:168:14:168:Infinity":58,"b:170:4:177:Infinity:undefined:undefined:undefined:undefined":14,"s:170:4:177:Infinity":59,"b:171:6:171:Infinity:172:6:172:Infinity:173:6:173:Infinity:174:6:174:Infinity":15,"s:176:6:176:Infinity":60,"s:181:2:181:Infinity":61,"f:181:23:181:30":10,"s:181:30:181:58":62}}}
,"/Users/nguyenquoc/Code/chat-clean-architecture/src/utils/messageTimestamp.ts": {"path":"/Users/nguyenquoc/Code/chat-clean-architecture/src/utils/messageTimestamp.ts","statementMap":{"0":{"start":{"line":13,"column":37},"end":{"line":53,"column":null}},"1":{"start":{"line":14,"column":15},"end":{"line":14,"column":null}},"2":{"start":{"line":15,"column":14},"end":{"line":15,"column":null}},"3":{"start":{"line":16,"column":20},"end":{"line":16,"column":null}},"4":{"start":{"line":17,"column":2},"end":{"line":17,"column":null}},"5":{"start":{"line":20,"column":19},"end":{"line":24,"column":null}},"6":{"start":{"line":25,"column":20},"end":{"line":25,"column":null}},"7":{"start":{"line":26,"column":24},"end":{"line":30,"column":null}},"8":{"start":{"line":32,"column":2},"end":{"line":52,"column":null}},"9":{"start":{"line":33,"column":4},"end":{"line":37,"column":null}},"10":{"start":{"line":38,"column":2},"end":{"line":52,"column":null}},"11":{"start":{"line":39,"column":4},"end":{"line":43,"column":null}},"12":{"start":{"line":45,"column":4},"end":{"line":51,"column":null}},"13":{"start":{"line":59,"column":35},"end":{"line":70,"column":null}},"14":{"start":{"line":63,"column":2},"end":{"line":63,"column":null}},"15":{"start":{"line":63,"column":24},"end":{"line":63,"column":null}},"16":{"start":{"line":65,"column":22},"end":{"line":65,"column":null}},"17":{"start":{"line":66,"column":23},"end":{"line":66,"column":null}},"18":{"start":{"line":67,"column":19},"end":{"line":67,"column":null}},"19":{"start":{"line":69,"column":2},"end":{"line":69,"column":null}}},"fnMap":{"0":{"name":"(anonymous_0)","decl":{"start":{"line":13,"column":37},"end":{"line":13,"column":38}},"loc":{"start":{"line":13,"column":63},"end":{"line":53,"column":null}},"line":13},"1":{"name":"(anonymous_1)","decl":{"start":{"line":59,"column":35},"end":{"line":59,"column":null}},"loc":{"start":{"line":62,"column":14},"end":{"line":70,"column":null}},"line":62}},"branchMap":{"0":{"loc":{"start":{"line":32,"column":2},"end":{"line":52,"column":null}},"type":"if","locations":[{"start":{"line":32,"column":2},"end":{"line":52,"column":null}},{"start":{"line":38,"column":2},"end":{"line":52,"column":null}}],"line":32},"1":{"loc":{"start":{"line":38,"column":2},"end":{"line":52,"column":null}},"type":"if","locations":[{"start":{"line":38,"column":2},"end":{"line":52,"column":null}},{"start":{"line":44,"column":9},"end":{"line":52,"column":null}}],"line":38},"2":{"loc":{"start":{"line":63,"column":2},"end":{"line":63,"column":null}},"type":"if","locations":[{"start":{"line":63,"column":2},"end":{"line":63,"column":null}},{"start":{},"end":{}}],"line":63}},"s":{"0":1,"1":8,"2":8,"3":8,"4":8,"5":8,"6":8,"7":8,"8":8,"9":4,"10":4,"11":1,"12":3,"13":1,"14":10,"15":1,"16":9,"17":9,"18":9,"19":9},"f":{"0":8,"1":10},"b":{"0":[4,4],"1":[1,3],"2":[1,9]},"meta":{"lastBranch":3,"lastFunction":2,"lastStatement":20,"seen":{"s:13:37:53:Infinity":0,"f:13:37:13:38":0,"s:14:15:14:Infinity":1,"s:15:14:15:Infinity":2,"s:16:20:16:Infinity":3,"s:17:2:17:Infinity":4,"s:20:19:24:Infinity":5,"s:25:20:25:Infinity":6,"s:26:24:30:Infinity":7,"b:32:2:52:Infinity:38:2:52:Infinity":0,"s:32:2:52:Infinity":8,"s:33:4:37:Infinity":9,"b:38:2:52:Infinity:44:9:52:Infinity":1,"s:38:2:52:Infinity":10,"s:39:4:43:Infinity":11,"s:45:4:51:Infinity":12,"s:59:35:70:Infinity":13,"f:59:35:59:Infinity":1,"b:63:2:63:Infinity:undefined:undefined:undefined:undefined":2,"s:63:2:63:Infinity":14,"s:63:24:63:Infinity":15,"s:65:22:65:Infinity":16,"s:66:23:66:Infinity":17,"s:67:19:67:Infinity":18,"s:69:2:69:Infinity":19}}}
,"/Users/nguyenquoc/Code/chat-clean-architecture/src/utils/mockHelpers.ts": {"path":"/Users/nguyenquoc/Code/chat-clean-architecture/src/utils/mockHelpers.ts","statementMap":{"0":{"start":{"line":14,"column":38},"end":{"line":17,"column":null}},"1":{"start":{"line":15,"column":33},"end":{"line":15,"column":null}},"2":{"start":{"line":16,"column":2},"end":{"line":16,"column":null}}},"fnMap":{"0":{"name":"(anonymous_0)","decl":{"start":{"line":14,"column":38},"end":{"line":14,"column":52}},"loc":{"start":{"line":14,"column":52},"end":{"line":17,"column":null}},"line":14}},"branchMap":{},"s":{"0":1,"1":1202,"2":1202},"f":{"0":1202},"b":{},"meta":{"lastBranch":0,"lastFunction":1,"lastStatement":3,"seen":{"s:14:38:17:Infinity":0,"f:14:38:14:52":0,"s:15:33:15:Infinity":1,"s:16:2:16:Infinity":2}}}
,"/Users/nguyenquoc/Code/chat-clean-architecture/src/utils/timeFormatter.ts": {"path":"/Users/nguyenquoc/Code/chat-clean-architecture/src/utils/timeFormatter.ts","statementMap":{"0":{"start":{"line":12,"column":2},"end":{"line":14,"column":null}},"1":{"start":{"line":13,"column":4},"end":{"line":13,"column":null}},"2":{"start":{"line":16,"column":15},"end":{"line":16,"column":null}},"3":{"start":{"line":19,"column":2},"end":{"line":21,"column":null}},"4":{"start":{"line":20,"column":4},"end":{"line":20,"column":null}},"5":{"start":{"line":23,"column":2},"end":{"line":26,"column":null}},"6":{"start":{"line":36,"column":2},"end":{"line":38,"column":null}},"7":{"start":{"line":37,"column":4},"end":{"line":37,"column":null}},"8":{"start":{"line":40,"column":15},"end":{"line":40,"column":null}},"9":{"start":{"line":43,"column":2},"end":{"line":45,"column":null}},"10":{"start":{"line":44,"column":4},"end":{"line":44,"column":null}},"11":{"start":{"line":47,"column":14},"end":{"line":47,"column":null}},"12":{"start":{"line":48,"column":17},"end":{"line":48,"column":null}},"13":{"start":{"line":49,"column":19},"end":{"line":49,"column":null}},"14":{"start":{"line":50,"column":20},"end":{"line":50,"column":null}},"15":{"start":{"line":51,"column":19},"end":{"line":51,"column":null}},"16":{"start":{"line":53,"column":2},"end":{"line":53,"column":null}},"17":{"start":{"line":53,"column":20},"end":{"line":53,"column":null}},"18":{"start":{"line":54,"column":2},"end":{"line":54,"column":null}},"19":{"start":{"line":54,"column":21},"end":{"line":54,"column":null}},"20":{"start":{"line":55,"column":2},"end":{"line":55,"column":null}},"21":{"start":{"line":55,"column":22},"end":{"line":55,"column":null}},"22":{"start":{"line":56,"column":2},"end":{"line":56,"column":null}},"23":{"start":{"line":56,"column":20},"end":{"line":56,"column":null}},"24":{"start":{"line":59,"column":2},"end":{"line":62,"column":null}}},"fnMap":{"0":{"name":"formatTimestamp","decl":{"start":{"line":10,"column":16},"end":{"line":10,"column":32}},"loc":{"start":{"line":10,"column":59},"end":{"line":27,"column":null}},"line":10},"1":{"name":"formatRelativeTime","decl":{"start":{"line":34,"column":16},"end":{"line":34,"column":35}},"loc":{"start":{"line":34,"column":62},"end":{"line":63,"column":null}},"line":34}},"branchMap":{"0":{"loc":{"start":{"line":12,"column":2},"end":{"line":14,"column":null}},"type":"if","locations":[{"start":{"line":12,"column":2},"end":{"line":14,"column":null}},{"start":{},"end":{}}],"line":12},"1":{"loc":{"start":{"line":12,"column":6},"end":{"line":12,"column":45}},"type":"binary-expr","locations":[{"start":{"line":12,"column":6},"end":{"line":12,"column":20}},{"start":{"line":12,"column":20},"end":{"line":12,"column":45}}],"line":12},"2":{"loc":{"start":{"line":19,"column":2},"end":{"line":21,"column":null}},"type":"if","locations":[{"start":{"line":19,"column":2},"end":{"line":21,"column":null}},{"start":{},"end":{}}],"line":19},"3":{"loc":{"start":{"line":36,"column":2},"end":{"line":38,"column":null}},"type":"if","locations":[{"start":{"line":36,"column":2},"end":{"line":38,"column":null}},{"start":{},"end":{}}],"line":36},"4":{"loc":{"start":{"line":36,"column":6},"end":{"line":36,"column":45}},"type":"binary-expr","locations":[{"start":{"line":36,"column":6},"end":{"line":36,"column":20}},{"start":{"line":36,"column":20},"end":{"line":36,"column":45}}],"line":36},"5":{"loc":{"start":{"line":43,"column":2},"end":{"line":45,"column":null}},"type":"if","locations":[{"start":{"line":43,"column":2},"end":{"line":45,"column":null}},{"start":{},"end":{}}],"line":43},"6":{"loc":{"start":{"line":53,"column":2},"end":{"line":53,"column":null}},"type":"if","locations":[{"start":{"line":53,"column":2},"end":{"line":53,"column":null}},{"start":{},"end":{}}],"line":53},"7":{"loc":{"start":{"line":54,"column":2},"end":{"line":54,"column":null}},"type":"if","locations":[{"start":{"line":54,"column":2},"end":{"line":54,"column":null}},{"start":{},"end":{}}],"line":54},"8":{"loc":{"start":{"line":55,"column":2},"end":{"line":55,"column":null}},"type":"if","locations":[{"start":{"line":55,"column":2},"end":{"line":55,"column":null}},{"start":{},"end":{}}],"line":55},"9":{"loc":{"start":{"line":56,"column":2},"end":{"line":56,"column":null}},"type":"if","locations":[{"start":{"line":56,"column":2},"end":{"line":56,"column":null}},{"start":{},"end":{}}],"line":56}},"s":{"0":10,"1":2,"2":8,"3":8,"4":2,"5":6,"6":15,"7":2,"8":13,"9":13,"10":1,"11":12,"12":12,"13":12,"14":12,"15":12,"16":12,"17":2,"18":10,"19":10,"20":7,"21":7,"22":4,"23":4,"24":1},"f":{"0":10,"1":15},"b":{"0":[2,8],"1":[10,9],"2":[2,6],"3":[2,13],"4":[15,14],"5":[1,12],"6":[2,10],"7":[3,7],"8":[3,4],"9":[3,1]},"meta":{"lastBranch":10,"lastFunction":2,"lastStatement":25,"seen":{"f:10:16:10:32":0,"b:12:2:14:Infinity:undefined:undefined:undefined:undefined":0,"s:12:2:14:Infinity":0,"b:12:6:12:20:12:20:12:45":1,"s:13:4:13:Infinity":1,"s:16:15:16:Infinity":2,"b:19:2:21:Infinity:undefined:undefined:undefined:undefined":2,"s:19:2:21:Infinity":3,"s:20:4:20:Infinity":4,"s:23:2:26:Infinity":5,"f:34:16:34:35":1,"b:36:2:38:Infinity:undefined:undefined:undefined:undefined":3,"s:36:2:38:Infinity":6,"b:36:6:36:20:36:20:36:45":4,"s:37:4:37:Infinity":7,"s:40:15:40:Infinity":8,"b:43:2:45:Infinity:undefined:undefined:undefined:undefined":5,"s:43:2:45:Infinity":9,"s:44:4:44:Infinity":10,"s:47:14:47:Infinity":11,"s:48:17:48:Infinity":12,"s:49:19:49:Infinity":13,"s:50:20:50:Infinity":14,"s:51:19:51:Infinity":15,"b:53:2:53:Infinity:undefined:undefined:undefined:undefined":6,"s:53:2:53:Infinity":16,"s:53:20:53:Infinity":17,"b:54:2:54:Infinity:undefined:undefined:undefined:undefined":7,"s:54:2:54:Infinity":18,"s:54:21:54:Infinity":19,"b:55:2:55:Infinity:undefined:undefined:undefined:undefined":8,"s:55:2:55:Infinity":20,"s:55:22:55:Infinity":21,"b:56:2:56:Infinity:undefined:undefined:undefined:undefined":9,"s:56:2:56:Infinity":22,"s:56:20:56:Infinity":23,"s:59:2:62:Infinity":24}}}
,"/Users/nguyenquoc/Code/chat-clean-architecture/src/utils/uuid.ts": {"path":"/Users/nguyenquoc/Code/chat-clean-architecture/src/utils/uuid.ts","statementMap":{"0":{"start":{"line":13,"column":2},"end":{"line":13,"column":null}},"1":{"start":{"line":20,"column":2},"end":{"line":20,"column":null}},"2":{"start":{"line":27,"column":2},"end":{"line":27,"column":null}},"3":{"start":{"line":34,"column":2},"end":{"line":34,"column":null}},"4":{"start":{"line":42,"column":4},"end":{"line":42,"column":null}},"5":{"start":{"line":43,"column":2},"end":{"line":43,"column":null}}},"fnMap":{"0":{"name":"generateUUID","decl":{"start":{"line":12,"column":16},"end":{"line":12,"column":39}},"loc":{"start":{"line":12,"column":39},"end":{"line":14,"column":null}},"line":12},"1":{"name":"generateUserId","decl":{"start":{"line":19,"column":16},"end":{"line":19,"column":41}},"loc":{"start":{"line":19,"column":41},"end":{"line":21,"column":null}},"line":19},"2":{"name":"generateChatId","decl":{"start":{"line":26,"column":16},"end":{"line":26,"column":41}},"loc":{"start":{"line":26,"column":41},"end":{"line":28,"column":null}},"line":26},"3":{"name":"generateMessageId","decl":{"start":{"line":33,"column":16},"end":{"line":33,"column":44}},"loc":{"start":{"line":33,"column":44},"end":{"line":35,"column":null}},"line":33},"4":{"name":"isValidUUID","decl":{"start":{"line":40,"column":16},"end":{"line":40,"column":28}},"loc":{"start":{"line":40,"column":51},"end":{"line":44,"column":null}},"line":40}},"branchMap":{},"s":{"0":8,"1":2,"2":2,"3":2,"4":20,"5":20},"f":{"0":8,"1":2,"2":2,"3":2,"4":20},"b":{},"meta":{"lastBranch":0,"lastFunction":5,"lastStatement":6,"seen":{"f:12:16:12:39":0,"s:13:2:13:Infinity":0,"f:19:16:19:41":1,"s:20:2:20:Infinity":1,"f:26:16:26:41":2,"s:27:2:27:Infinity":2,"f:33:16:33:44":3,"s:34:2:34:Infinity":3,"f:40:16:40:28":4,"s:42:4:42:Infinity":4,"s:43:2:43:Infinity":5}}}
}
